<?xml version="1.0" encoding="UTF-8"?>
<testng-results skipped="0" failed="2" ignored="4" total="7" passed="1">
  <reporter-output>
  </reporter-output>
  <suite name="Sanity Suite" duration-ms="42785" started-at="2022-05-08T12:16:14 BST" finished-at="2022-05-08T12:16:57 BST">
    <groups>
      <group name="regression">
        <method signature="SignInPageTest.userShouldNavigateToSignInPageSuccessFully()[pri:0, instance:com.automation.testsuits.SignInPageTest@18bf3d14]" name="userShouldNavigateToSignInPageSuccessFully" class="com.automation.testsuits.SignInPageTest"/>
        <method signature="WomenCategoryPageTest.verifyUserShouldNavigateToWomenCategoryPageSuccessfully()[pri:0, instance:com.automation.testsuits.WomenCategoryPageTest@4fcd19b3]" name="verifyUserShouldNavigateToWomenCategoryPageSuccessfully" class="com.automation.testsuits.WomenCategoryPageTest"/>
      </group> <!-- regression -->
      <group name="sanity">
        <method signature="CreatAccountPageTest.verifyThatUserShouldCreateAccountSuccessfully()[pri:0, instance:com.automation.testsuits.CreatAccountPageTest@5579bb86]" name="verifyThatUserShouldCreateAccountSuccessfully" class="com.automation.testsuits.CreatAccountPageTest"/>
        <method signature="SignInPageTest.userShouldNavigateToSignInPageSuccessFully()[pri:0, instance:com.automation.testsuits.SignInPageTest@18bf3d14]" name="userShouldNavigateToSignInPageSuccessFully" class="com.automation.testsuits.SignInPageTest"/>
        <method signature="WomenCategoryPageTest.verifyUserShouldNavigateToWomenCategoryPageSuccessfully()[pri:0, instance:com.automation.testsuits.WomenCategoryPageTest@4fcd19b3]" name="verifyUserShouldNavigateToWomenCategoryPageSuccessfully" class="com.automation.testsuits.WomenCategoryPageTest"/>
      </group> <!-- sanity -->
    </groups>
    <test name="sanity test" duration-ms="42785" started-at="2022-05-08T12:16:14 BST" finished-at="2022-05-08T12:16:57 BST">
      <class name="com.automation.testsuits.SignInPageTest">
        <test-method status="PASS" signature="setUp()[pri:0, instance:com.automation.testsuits.SignInPageTest@18bf3d14]" name="setUp" is-config="true" duration-ms="5449" started-at="2022-05-08T12:16:15 BST" finished-at="2022-05-08T12:16:20 BST">
          <reporter-output>
          </reporter-output>
        </test-method> <!-- setUp -->
        <test-method status="PASS" signature="inIt()[pri:0, instance:com.automation.testsuits.SignInPageTest@18bf3d14]" name="inIt" is-config="true" duration-ms="21" started-at="2022-05-08T12:16:20 BST" finished-at="2022-05-08T12:16:20 BST">
          <reporter-output>
          </reporter-output>
        </test-method> <!-- inIt -->
        <test-method status="PASS" signature="userShouldNavigateToSignInPageSuccessFully()[pri:0, instance:com.automation.testsuits.SignInPageTest@18bf3d14]" name="userShouldNavigateToSignInPageSuccessFully" duration-ms="1640" started-at="2022-05-08T12:16:20 BST" finished-at="2022-05-08T12:16:22 BST">
          <reporter-output>
          </reporter-output>
        </test-method> <!-- userShouldNavigateToSignInPageSuccessFully -->
        <test-method status="PASS" signature="tearDown()[pri:0, instance:com.automation.testsuits.SignInPageTest@18bf3d14]" name="tearDown" is-config="true" duration-ms="712" started-at="2022-05-08T12:16:22 BST" finished-at="2022-05-08T12:16:22 BST">
          <reporter-output>
          </reporter-output>
        </test-method> <!-- tearDown -->
      </class> <!-- com.automation.testsuits.SignInPageTest -->
      <class name="com.automation.testsuits.WomenCategoryPageTest">
        <test-method status="PASS" signature="setUp()[pri:0, instance:com.automation.testsuits.WomenCategoryPageTest@4fcd19b3]" name="setUp" is-config="true" duration-ms="4960" started-at="2022-05-08T12:16:49 BST" finished-at="2022-05-08T12:16:54 BST">
          <reporter-output>
          </reporter-output>
        </test-method> <!-- setUp -->
        <test-method status="PASS" signature="inIt()[pri:0, instance:com.automation.testsuits.WomenCategoryPageTest@4fcd19b3]" name="inIt" is-config="true" duration-ms="9" started-at="2022-05-08T12:16:54 BST" finished-at="2022-05-08T12:16:54 BST">
          <reporter-output>
          </reporter-output>
        </test-method> <!-- inIt -->
        <test-method status="FAIL" signature="verifyUserShouldNavigateToWomenCategoryPageSuccessfully()[pri:0, instance:com.automation.testsuits.WomenCategoryPageTest@4fcd19b3]" name="verifyUserShouldNavigateToWomenCategoryPageSuccessfully" duration-ms="1591" started-at="2022-05-08T12:16:54 BST" finished-at="2022-05-08T12:16:56 BST">
          <exception class="java.lang.AssertionError">
            <message>
              <![CDATA[displayed text is wrong  expected [WOMWN] but found [WOMEN]]]>
            </message>
            <full-stacktrace>
              <![CDATA[java.lang.AssertionError: displayed text is wrong  expected [WOMWN] but found [WOMEN]
at org.testng.Assert.fail(Assert.java:110)
at org.testng.Assert.failNotEquals(Assert.java:1413)
at org.testng.Assert.assertEqualsImpl(Assert.java:149)
at org.testng.Assert.assertEquals(Assert.java:131)
at org.testng.Assert.assertEquals(Assert.java:655)
at com.automation.testsuits.WomenCategoryPageTest.verifyUserShouldNavigateToWomenCategoryPageSuccessfully(WomenCategoryPageTest.java:29)
at sun.reflect.NativeMethodAccessorImpl.invoke0(Native Method)
at sun.reflect.NativeMethodAccessorImpl.invoke(NativeMethodAccessorImpl.java:62)
at sun.reflect.DelegatingMethodAccessorImpl.invoke(DelegatingMethodAccessorImpl.java:43)
at java.lang.reflect.Method.invoke(Method.java:498)
at org.testng.internal.invokers.MethodInvocationHelper.invokeMethod(MethodInvocationHelper.java:135)
at org.testng.internal.invokers.TestInvoker.invokeMethod(TestInvoker.java:673)
at org.testng.internal.invokers.TestInvoker.invokeTestMethod(TestInvoker.java:220)
at org.testng.internal.invokers.MethodRunner.runInSequence(MethodRunner.java:50)
at org.testng.internal.invokers.TestInvoker$MethodInvocationAgent.invoke(TestInvoker.java:945)
at org.testng.internal.invokers.TestInvoker.invokeTestMethods(TestInvoker.java:193)
at org.testng.internal.invokers.TestMethodWorker.invokeTestMethods(TestMethodWorker.java:146)
at org.testng.internal.invokers.TestMethodWorker.run(TestMethodWorker.java:128)
at java.util.ArrayList.forEach(ArrayList.java:1249)
at org.testng.TestRunner.privateRun(TestRunner.java:808)
at org.testng.TestRunner.run(TestRunner.java:603)
at org.testng.SuiteRunner.runTest(SuiteRunner.java:429)
at org.testng.SuiteRunner.runSequentially(SuiteRunner.java:423)
at org.testng.SuiteRunner.privateRun(SuiteRunner.java:383)
at org.testng.SuiteRunner.run(SuiteRunner.java:326)
at org.testng.SuiteRunnerWorker.runSuite(SuiteRunnerWorker.java:52)
at org.testng.SuiteRunnerWorker.run(SuiteRunnerWorker.java:95)
at org.testng.TestNG.runSuitesSequentially(TestNG.java:1249)
at org.testng.TestNG.runSuitesLocally(TestNG.java:1169)
at org.testng.TestNG.runSuites(TestNG.java:1092)
at org.testng.TestNG.run(TestNG.java:1060)
at com.intellij.rt.testng.IDEARemoteTestNG.run(IDEARemoteTestNG.java:66)
at com.intellij.rt.testng.RemoteTestNGStarter.main(RemoteTestNGStarter.java:109)
]]>
            </full-stacktrace>
          </exception> <!-- java.lang.AssertionError -->
          <reporter-output>
          </reporter-output>
        </test-method> <!-- verifyUserShouldNavigateToWomenCategoryPageSuccessfully -->
        <test-method status="PASS" signature="tearDown()[pri:0, instance:com.automation.testsuits.WomenCategoryPageTest@4fcd19b3]" name="tearDown" is-config="true" duration-ms="767" started-at="2022-05-08T12:16:56 BST" finished-at="2022-05-08T12:16:57 BST">
          <reporter-output>
          </reporter-output>
        </test-method> <!-- tearDown -->
      </class> <!-- com.automation.testsuits.WomenCategoryPageTest -->
      <class name="com.automation.testsuits.CreatAccountPageTest">
        <test-method status="PASS" signature="setUp()[pri:0, instance:com.automation.testsuits.CreatAccountPageTest@5579bb86]" name="setUp" is-config="true" duration-ms="4178" started-at="2022-05-08T12:16:22 BST" finished-at="2022-05-08T12:16:27 BST">
          <reporter-output>
          </reporter-output>
        </test-method> <!-- setUp -->
        <test-method status="PASS" signature="inIt()[pri:0, instance:com.automation.testsuits.CreatAccountPageTest@5579bb86]" name="inIt" is-config="true" duration-ms="6" started-at="2022-05-08T12:16:27 BST" finished-at="2022-05-08T12:16:27 BST">
          <reporter-output>
          </reporter-output>
        </test-method> <!-- inIt -->
        <test-method status="FAIL" signature="verifyThatUserShouldCreateAccountSuccessfully()[pri:0, instance:com.automation.testsuits.CreatAccountPageTest@5579bb86]" name="verifyThatUserShouldCreateAccountSuccessfully" duration-ms="21915" started-at="2022-05-08T12:16:27 BST" finished-at="2022-05-08T12:16:48 BST">
          <exception class="org.openqa.selenium.NoSuchElementException">
            <message>
              <![CDATA[no such element: Unable to locate element: {"method":"xpath","selector":"//input[@id='customer_firstname']"}
  (Session info: chrome=101.0.4951.54)
For documentation on this error, please visit: https://selenium.dev/exceptions/#no_such_element
Build info: version: '4.1.4', revision: '535d840ee2'
System info: host: 'LAPTOP-8MVKMBUE', ip: '192.168.1.9', os.name: 'Windows 10', os.arch: 'amd64', os.version: '10.0', java.version: '1.8.0_121'
Driver info: org.openqa.selenium.chrome.ChromeDriver
Command: [829ba609ec97aceafaf2165560a851c9, findElement {using=xpath, value=//input[@id='customer_firstname']}]
Capabilities {acceptInsecureCerts: false, browserName: chrome, browserVersion: 101.0.4951.54, chrome: {chromedriverVersion: 101.0.4951.41 (93c720db8323..., userDataDir: C:\Users\pkinj\AppData\Loca...}, goog:chromeOptions: {debuggerAddress: localhost:49207}, javascriptEnabled: true, networkConnectionEnabled: false, pageLoadStrategy: normal, platform: WINDOWS, platformName: WINDOWS, proxy: Proxy(), se:cdp: ws://localhost:49207/devtoo..., se:cdpVersion: 101.0.4951.54, setWindowRect: true, strictFileInteractability: false, timeouts: {implicit: 0, pageLoad: 300000, script: 30000}, unhandledPromptBehavior: dismiss and notify, webauthn:extension:credBlob: true, webauthn:extension:largeBlob: true, webauthn:virtualAuthenticators: true}
Session ID: 829ba609ec97aceafaf2165560a851c9]]>
            </message>
            <full-stacktrace>
              <![CDATA[org.openqa.selenium.NoSuchElementException: no such element: Unable to locate element: {"method":"xpath","selector":"//input[@id='customer_firstname']"}
  (Session info: chrome=101.0.4951.54)
For documentation on this error, please visit: https://selenium.dev/exceptions/#no_such_element
Build info: version: '4.1.4', revision: '535d840ee2'
System info: host: 'LAPTOP-8MVKMBUE', ip: '192.168.1.9', os.name: 'Windows 10', os.arch: 'amd64', os.version: '10.0', java.version: '1.8.0_121'
Driver info: org.openqa.selenium.chrome.ChromeDriver
Command: [829ba609ec97aceafaf2165560a851c9, findElement {using=xpath, value=//input[@id='customer_firstname']}]
Capabilities {acceptInsecureCerts: false, browserName: chrome, browserVersion: 101.0.4951.54, chrome: {chromedriverVersion: 101.0.4951.41 (93c720db8323..., userDataDir: C:\Users\pkinj\AppData\Loca...}, goog:chromeOptions: {debuggerAddress: localhost:49207}, javascriptEnabled: true, networkConnectionEnabled: false, pageLoadStrategy: normal, platform: WINDOWS, platformName: WINDOWS, proxy: Proxy(), se:cdp: ws://localhost:49207/devtoo..., se:cdpVersion: 101.0.4951.54, setWindowRect: true, strictFileInteractability: false, timeouts: {implicit: 0, pageLoad: 300000, script: 30000}, unhandledPromptBehavior: dismiss and notify, webauthn:extension:credBlob: true, webauthn:extension:largeBlob: true, webauthn:virtualAuthenticators: true}
Session ID: 829ba609ec97aceafaf2165560a851c9
at sun.reflect.NativeConstructorAccessorImpl.newInstance0(Native Method)
at sun.reflect.NativeConstructorAccessorImpl.newInstance(NativeConstructorAccessorImpl.java:62)
at sun.reflect.DelegatingConstructorAccessorImpl.newInstance(DelegatingConstructorAccessorImpl.java:45)
at java.lang.reflect.Constructor.newInstance(Constructor.java:423)
at org.openqa.selenium.remote.codec.w3c.W3CHttpResponseCodec.createException(W3CHttpResponseCodec.java:200)
at org.openqa.selenium.remote.codec.w3c.W3CHttpResponseCodec.decode(W3CHttpResponseCodec.java:133)
at org.openqa.selenium.remote.codec.w3c.W3CHttpResponseCodec.decode(W3CHttpResponseCodec.java:53)
at org.openqa.selenium.remote.HttpCommandExecutor.execute(HttpCommandExecutor.java:184)
at org.openqa.selenium.remote.service.DriverCommandExecutor.invokeExecute(DriverCommandExecutor.java:167)
at org.openqa.selenium.remote.service.DriverCommandExecutor.execute(DriverCommandExecutor.java:142)
at org.openqa.selenium.remote.RemoteWebDriver.execute(RemoteWebDriver.java:567)
at org.openqa.selenium.remote.ElementLocation$ElementFinder$2.findElement(ElementLocation.java:162)
at org.openqa.selenium.remote.ElementLocation.findElement(ElementLocation.java:60)
at org.openqa.selenium.remote.RemoteWebDriver.findElement(RemoteWebDriver.java:385)
at org.openqa.selenium.remote.RemoteWebDriver.findElement(RemoteWebDriver.java:377)
at org.openqa.selenium.support.pagefactory.DefaultElementLocator.findElement(DefaultElementLocator.java:70)
at org.openqa.selenium.support.pagefactory.internal.LocatingElementHandler.invoke(LocatingElementHandler.java:39)
at com.sun.proxy.$Proxy14.sendKeys(Unknown Source)
at com.automation.utilities.Utility.sendTextToElement(Utility.java:75)
at com.automation.pages.CreateAccountPage.enterFirstNameInInfo(CreateAccountPage.java:61)
at com.automation.testsuits.CreatAccountPageTest.verifyThatUserShouldCreateAccountSuccessfully(CreatAccountPageTest.java:31)
at sun.reflect.NativeMethodAccessorImpl.invoke0(Native Method)
at sun.reflect.NativeMethodAccessorImpl.invoke(NativeMethodAccessorImpl.java:62)
at sun.reflect.DelegatingMethodAccessorImpl.invoke(DelegatingMethodAccessorImpl.java:43)
at java.lang.reflect.Method.invoke(Method.java:498)
at org.testng.internal.invokers.MethodInvocationHelper.invokeMethod(MethodInvocationHelper.java:135)
at org.testng.internal.invokers.TestInvoker.invokeMethod(TestInvoker.java:673)
at org.testng.internal.invokers.TestInvoker.invokeTestMethod(TestInvoker.java:220)
at org.testng.internal.invokers.MethodRunner.runInSequence(MethodRunner.java:50)
at org.testng.internal.invokers.TestInvoker$MethodInvocationAgent.invoke(TestInvoker.java:945)
at org.testng.internal.invokers.TestInvoker.invokeTestMethods(TestInvoker.java:193)
at org.testng.internal.invokers.TestMethodWorker.invokeTestMethods(TestMethodWorker.java:146)
at org.testng.internal.invokers.TestMethodWorker.run(TestMethodWorker.java:128)
at java.util.ArrayList.forEach(ArrayList.java:1249)
at org.testng.TestRunner.privateRun(TestRunner.java:808)
at org.testng.TestRunner.run(TestRunner.java:603)
at org.testng.SuiteRunner.runTest(SuiteRunner.java:429)
at org.testng.SuiteRunner.runSequentially(SuiteRunner.java:423)
at org.testng.SuiteRunner.privateRun(SuiteRunner.java:383)
at org.testng.SuiteRunner.run(SuiteRunner.java:326)
at org.testng.SuiteRunnerWorker.runSuite(SuiteRunnerWorker.java:52)
at org.testng.SuiteRunnerWorker.run(SuiteRunnerWorker.java:95)
at org.testng.TestNG.runSuitesSequentially(TestNG.java:1249)
at org.testng.TestNG.runSuitesLocally(TestNG.java:1169)
at org.testng.TestNG.runSuites(TestNG.java:1092)
at org.testng.TestNG.run(TestNG.java:1060)
at com.intellij.rt.testng.IDEARemoteTestNG.run(IDEARemoteTestNG.java:66)
at com.intellij.rt.testng.RemoteTestNGStarter.main(RemoteTestNGStarter.java:109)
]]>
            </full-stacktrace>
          </exception> <!-- org.openqa.selenium.NoSuchElementException -->
          <reporter-output>
          </reporter-output>
        </test-method> <!-- verifyThatUserShouldCreateAccountSuccessfully -->
        <test-method status="PASS" signature="tearDown()[pri:0, instance:com.automation.testsuits.CreatAccountPageTest@5579bb86]" name="tearDown" is-config="true" duration-ms="733" started-at="2022-05-08T12:16:49 BST" finished-at="2022-05-08T12:16:49 BST">
          <reporter-output>
          </reporter-output>
        </test-method> <!-- tearDown -->
      </class> <!-- com.automation.testsuits.CreatAccountPageTest -->
    </test> <!-- sanity test -->
  </suite> <!-- Sanity Suite -->
</testng-results>
